INFO:root: State for player 1: {'current_player': 1, 'players': [0, 1], 'num_moves_taken': 0, 'drawpile': array([69, 27, 12, 14, 82, 41, 60, 85, 49, 70, 92, 65, 40, 13, 99, 48, 91,
       96, 22, 80, 23, 10, 20, 32, 38, 73, 97, 52, 46, 44,  6, 90, 72, 35,
        5, 39, 98,  3, 68, 25, 17, 45, 50, 78, 34, 67, 62, 88, 79, 19, 61,
       16, 66, 63, 31, 94, 71, 83, 36, 93, 75, 84, 29, 47, 76, 21, 37, 51,
       57, 33, 55, 95, 86, 26, 58, 11, 28, 15,  4, 53, 42, 77, 18, 24]), 'decks': array([  1,   1, 100, 100]), 'hands': [array([74,  8,  9, 43, 81, 89, 56]), array([59,  7,  2, 54, 64, 87, 30])], 'hints': [[], [], [], []], 'legal_actions': [[(0, 0), (0, 1), (0, 2), (0, 3), (1, 0), (1, 1), (1, 2), (1, 3), (2, 0), (2, 1), (2, 2), (2, 3), (3, 0), (3, 1), (3, 2), (3, 3), (4, 0), (4, 1), (4, 2), (4, 3), (5, 0), (5, 1), (5, 2), (5, 3), (6, 0), (6, 1), (6, 2), (6, 3)], [(0, 0), (0, 1), (0, 2), (0, 3), (1, 0), (1, 1), (1, 2), (1, 3), (2, 0), (2, 1), (2, 2), (2, 3), (3, 0), (3, 1), (3, 2), (3, 3), (4, 0), (4, 1), (4, 2), (4, 3), (5, 0), (5, 1), (5, 2), (5, 3), (6, 0), (6, 1), (6, 2), (6, 3)], [], []], 'last_action': ()}

INFO:root: State for player 1: {'current_player': 1, 'players': [0, 1], 'num_moves_taken': 1, 'drawpile': array([69, 27, 12, 14, 82, 41, 60, 85, 49, 70, 92, 65, 40, 13, 99, 48, 91,
       96, 22, 80, 23, 10, 20, 32, 38, 73, 97, 52, 46, 44,  6, 90, 72, 35,
        5, 39, 98,  3, 68, 25, 17, 45, 50, 78, 34, 67, 62, 88, 79, 19, 61,
       16, 66, 63, 31, 94, 71, 83, 36, 93, 75, 84, 29, 47, 76, 21, 37, 51,
       57, 33, 55, 95, 86, 26, 58, 11, 28, 15,  4, 53, 42, 77, 18, 24]), 'decks': array([  1,   7, 100, 100]), 'hands': [array([74,  8,  9, 43, 81, 89, 56]), array([59,  2, 54, 64, 87, 30])], 'hints': [[], [], [], []], 'legal_actions': [[(0, 0), (0, 1), (0, 2), (0, 3), (1, 0), (1, 1), (1, 2), (1, 3), (2, 0), (2, 1), (2, 2), (2, 3), (3, 0), (3, 1), (3, 2), (3, 3), (4, 0), (4, 1), (4, 2), (4, 3), (5, 0), (5, 1), (5, 2), (5, 3), (6, 0), (6, 1), (6, 2), (6, 3)], [(0, 0), (0, 1), (0, 2), (0, 3), (1, 0), (1, 2), (1, 3), (2, 0), (2, 1), (2, 2), (2, 3), (3, 0), (3, 1), (3, 2), (3, 3), (4, 0), (4, 1), (4, 2), (4, 3), (5, 0), (5, 1), (5, 2), (5, 3)], [], []], 'last_action': (1, 1)}
Evaluation: {'Hand Eval': 1.0, 'Drawpile Eval': 1.0}

INFO:root: State for player 1: {'current_player': 1, 'players': [0, 1], 'num_moves_taken': 2, 'drawpile': array([69, 27, 12, 14, 82, 41, 60, 85, 49, 70, 92, 65, 40, 13, 99, 48, 91,
       96, 22, 80, 23, 10, 20, 32, 38, 73, 97, 52, 46, 44,  6, 90, 72, 35,
        5, 39, 98,  3, 68, 25, 17, 45, 50, 78, 34, 67, 62, 88, 79, 19, 61,
       16, 66, 63, 31, 94, 71, 83, 36, 93, 75, 84, 29, 47, 76, 21, 37, 51,
       57, 33, 55, 95, 86, 26, 58, 11, 28, 15,  4, 53, 42, 77, 18, 24]), 'decks': array([  1,   7,  64, 100]), 'hands': [array([74,  8,  9, 43, 81, 89, 56]), array([59,  2, 54, 87, 30])], 'hints': [[], [], [], []], 'legal_actions': [[(0, 0), (0, 1), (0, 2), (0, 3), (1, 0), (1, 1), (1, 2), (1, 3), (2, 0), (2, 1), (2, 2), (2, 3), (3, 0), (3, 1), (3, 2), (3, 3), (4, 0), (4, 1), (4, 3), (5, 0), (5, 1), (5, 3), (6, 0), (6, 1), (6, 2), (6, 3), (-1, -1)], [(0, 0), (0, 1), (0, 2), (0, 3), (1, 0), (1, 2), (1, 3), (2, 0), (2, 1), (2, 2), (2, 3), (3, 0), (3, 1), (3, 3), (4, 0), (4, 1), (4, 2), (4, 3), (-1, -1)], [], []], 'last_action': (3, 2)}
Evaluation: {'Hand Eval': 1.0, 'Drawpile Eval': 1.0}

INFO:root: State for player 0: {'current_player': 0, 'players': [0, 1], 'num_moves_taken': 0, 'drawpile': array([12, 14, 82, 41, 60, 85, 49, 70, 92, 65, 40, 13, 99, 48, 91, 96, 22,
       80, 23, 10, 20, 32, 38, 73, 97, 52, 46, 44,  6, 90, 72, 35,  5, 39,
       98,  3, 68, 25, 17, 45, 50, 78, 34, 67, 62, 88, 79, 19, 61, 16, 66,
       63, 31, 94, 71, 83, 36, 93, 75, 84, 29, 47, 76, 21, 37, 51, 57, 33,
       55, 95, 86, 26, 58, 11, 28, 15,  4, 53, 42, 77, 18, 24]), 'decks': array([  1,   7,  64, 100]), 'hands': [array([74,  8,  9, 43, 81, 89, 56]), array([59,  2, 54, 87, 30, 69, 27])], 'hints': [[], [], [], []], 'legal_actions': [[(0, 0), (0, 1), (0, 2), (0, 3), (1, 0), (1, 1), (1, 2), (1, 3), (2, 0), (2, 1), (2, 2), (2, 3), (3, 0), (3, 1), (3, 2), (3, 3), (4, 0), (4, 1), (4, 3), (5, 0), (5, 1), (5, 3), (6, 0), (6, 1), (6, 2), (6, 3)], [(0, 0), (0, 1), (0, 2), (0, 3), (1, 0), (1, 2), (1, 3), (2, 0), (2, 1), (2, 2), (2, 3), (3, 0), (3, 1), (3, 3), (4, 0), (4, 1), (4, 2), (4, 3), (5, 0), (5, 1), (5, 3), (6, 0), (6, 1), (6, 2), (6, 3)], [], []], 'last_action': (-1, -1)}
Evaluation: {'Hand Eval': 1.0, 'Drawpile Eval': 1.0}

INFO:root: State for player 0: {'current_player': 0, 'players': [0, 1], 'num_moves_taken': 1, 'drawpile': array([12, 14, 82, 41, 60, 85, 49, 70, 92, 65, 40, 13, 99, 48, 91, 96, 22,
       80, 23, 10, 20, 32, 38, 73, 97, 52, 46, 44,  6, 90, 72, 35,  5, 39,
       98,  3, 68, 25, 17, 45, 50, 78, 34, 67, 62, 88, 79, 19, 61, 16, 66,
       63, 31, 94, 71, 83, 36, 93, 75, 84, 29, 47, 76, 21, 37, 51, 57, 33,
       55, 95, 86, 26, 58, 11, 28, 15,  4, 53, 42, 77, 18, 24]), 'decks': array([ 43,   7,  64, 100]), 'hands': [array([74,  8,  9, 81, 89, 56]), array([59,  2, 54, 87, 30, 69, 27])], 'hints': [[], [], [], []], 'legal_actions': [[(0, 0), (0, 1), (0, 2), (0, 3), (1, 1), (1, 2), (1, 3), (2, 1), (2, 2), (2, 3), (3, 0), (3, 1), (3, 3), (4, 0), (4, 1), (4, 3), (5, 0), (5, 1), (5, 2), (5, 3)], [(0, 0), (0, 1), (0, 2), (0, 3), (1, 2), (1, 3), (2, 0), (2, 1), (2, 2), (2, 3), (3, 0), (3, 1), (3, 3), (4, 1), (4, 2), (4, 3), (5, 0), (5, 1), (5, 3), (6, 1), (6, 2), (6, 3)], [], []], 'last_action': (3, 0)}
Evaluation: {'Hand Eval': 1.0, 'Drawpile Eval': 1.0}

INFO:root: State for player 0: {'current_player': 0, 'players': [0, 1], 'num_moves_taken': 2, 'drawpile': array([12, 14, 82, 41, 60, 85, 49, 70, 92, 65, 40, 13, 99, 48, 91, 96, 22,
       80, 23, 10, 20, 32, 38, 73, 97, 52, 46, 44,  6, 90, 72, 35,  5, 39,
       98,  3, 68, 25, 17, 45, 50, 78, 34, 67, 62, 88, 79, 19, 61, 16, 66,
       63, 31, 94, 71, 83, 36, 93, 75, 84, 29, 47, 76, 21, 37, 51, 57, 33,
       55, 95, 86, 26, 58, 11, 28, 15,  4, 53, 42, 77, 18, 24]), 'decks': array([ 74,   7,  64, 100]), 'hands': [array([ 8,  9, 81, 89, 56]), array([59,  2, 54, 87, 30, 69, 27])], 'hints': [[], [], [], []], 'legal_actions': [[(0, 1), (0, 2), (0, 3), (1, 1), (1, 2), (1, 3), (2, 0), (2, 1), (2, 3), (3, 0), (3, 1), (3, 3), (4, 1), (4, 2), (4, 3), (-1, -1)], [(0, 1), (0, 2), (0, 3), (1, 2), (1, 3), (2, 1), (2, 2), (2, 3), (3, 0), (3, 1), (3, 3), (4, 1), (4, 2), (4, 3), (5, 1), (5, 3), (6, 1), (6, 2), (6, 3), (-1, -1)], [], []], 'last_action': (0, 0)}
Evaluation: {'Hand Eval': 1.0, 'Drawpile Eval': 1.0}

INFO:root: State for player 1: {'current_player': 1, 'players': [0, 1], 'num_moves_taken': 0, 'drawpile': array([82, 41, 60, 85, 49, 70, 92, 65, 40, 13, 99, 48, 91, 96, 22, 80, 23,
       10, 20, 32, 38, 73, 97, 52, 46, 44,  6, 90, 72, 35,  5, 39, 98,  3,
       68, 25, 17, 45, 50, 78, 34, 67, 62, 88, 79, 19, 61, 16, 66, 63, 31,
       94, 71, 83, 36, 93, 75, 84, 29, 47, 76, 21, 37, 51, 57, 33, 55, 95,
       86, 26, 58, 11, 28, 15,  4, 53, 42, 77, 18, 24]), 'decks': array([ 74,   7,  64, 100]), 'hands': [array([ 8,  9, 81, 89, 56, 12, 14]), array([59,  2, 54, 87, 30, 69, 27])], 'hints': [[], [], [], []], 'legal_actions': [[(0, 1), (0, 2), (0, 3), (1, 1), (1, 2), (1, 3), (2, 0), (2, 1), (2, 3), (3, 0), (3, 1), (3, 3), (4, 1), (4, 2), (4, 3), (5, 1), (5, 2), (5, 3), (6, 1), (6, 2), (6, 3)], [(0, 1), (0, 2), (0, 3), (1, 2), (1, 3), (2, 1), (2, 2), (2, 3), (3, 0), (3, 1), (3, 3), (4, 1), (4, 2), (4, 3), (5, 1), (5, 3), (6, 1), (6, 2), (6, 3)], [], []], 'last_action': (-1, -1)}
Evaluation: {'Hand Eval': 1.0, 'Drawpile Eval': 1.0}

INFO:root: State for player 1: {'current_player': 1, 'players': [0, 1], 'num_moves_taken': 1, 'drawpile': array([82, 41, 60, 85, 49, 70, 92, 65, 40, 13, 99, 48, 91, 96, 22, 80, 23,
       10, 20, 32, 38, 73, 97, 52, 46, 44,  6, 90, 72, 35,  5, 39, 98,  3,
       68, 25, 17, 45, 50, 78, 34, 67, 62, 88, 79, 19, 61, 16, 66, 63, 31,
       94, 71, 83, 36, 93, 75, 84, 29, 47, 76, 21, 37, 51, 57, 33, 55, 95,
       86, 26, 58, 11, 28, 15,  4, 53, 42, 77, 18, 24]), 'decks': array([74,  7, 64, 54]), 'hands': [array([ 8,  9, 81, 89, 56, 12, 14]), array([59,  2, 87, 30, 69, 27])], 'hints': [[], [], [], []], 'legal_actions': [[(0, 1), (0, 2), (0, 3), (1, 1), (1, 2), (1, 3), (2, 0), (2, 1), (3, 0), (3, 1), (4, 1), (4, 2), (5, 1), (5, 2), (5, 3), (6, 1), (6, 2), (6, 3)], [(0, 1), (0, 2), (1, 2), (1, 3), (2, 0), (2, 1), (3, 1), (3, 2), (3, 3), (4, 1), (5, 1), (5, 2), (5, 3)], [], []], 'last_action': (2, 3)}
Evaluation: {'Hand Eval': 1.0, 'Drawpile Eval': 1.0}

INFO:root: State for player 1: {'current_player': 1, 'players': [0, 1], 'num_moves_taken': 2, 'drawpile': array([82, 41, 60, 85, 49, 70, 92, 65, 40, 13, 99, 48, 91, 96, 22, 80, 23,
       10, 20, 32, 38, 73, 97, 52, 46, 44,  6, 90, 72, 35,  5, 39, 98,  3,
       68, 25, 17, 45, 50, 78, 34, 67, 62, 88, 79, 19, 61, 16, 66, 63, 31,
       94, 71, 83, 36, 93, 75, 84, 29, 47, 76, 21, 37, 51, 57, 33, 55, 95,
       86, 26, 58, 11, 28, 15,  4, 53, 42, 77, 18, 24]), 'decks': array([74,  7, 30, 54]), 'hands': [array([ 8,  9, 81, 89, 56, 12, 14]), array([59,  2, 87, 69, 27])], 'hints': [[], [], [], []], 'legal_actions': [[(0, 1), (0, 2), (0, 3), (1, 1), (1, 2), (1, 3), (2, 0), (2, 1), (3, 0), (3, 1), (4, 1), (5, 1), (5, 2), (5, 3), (6, 1), (6, 2), (6, 3), (-1, -1)], [(0, 1), (1, 2), (1, 3), (2, 0), (2, 1), (3, 1), (4, 1), (4, 2), (4, 3), (-1, -1)], [], []], 'last_action': (3, 2)}
Evaluation: {'Hand Eval': 1.0, 'Drawpile Eval': 1.0}

INFO:root: State for player 0: {'current_player': 0, 'players': [0, 1], 'num_moves_taken': 0, 'drawpile': array([60, 85, 49, 70, 92, 65, 40, 13, 99, 48, 91, 96, 22, 80, 23, 10, 20,
       32, 38, 73, 97, 52, 46, 44,  6, 90, 72, 35,  5, 39, 98,  3, 68, 25,
       17, 45, 50, 78, 34, 67, 62, 88, 79, 19, 61, 16, 66, 63, 31, 94, 71,
       83, 36, 93, 75, 84, 29, 47, 76, 21, 37, 51, 57, 33, 55, 95, 86, 26,
       58, 11, 28, 15,  4, 53, 42, 77, 18, 24]), 'decks': array([74,  7, 30, 54]), 'hands': [array([ 8,  9, 81, 89, 56, 12, 14]), array([59,  2, 87, 69, 27, 82, 41])], 'hints': [[], [], [], []], 'legal_actions': [[(0, 1), (0, 2), (0, 3), (1, 1), (1, 2), (1, 3), (2, 0), (2, 1), (3, 0), (3, 1), (4, 1), (5, 1), (5, 2), (5, 3), (6, 1), (6, 2), (6, 3)], [(0, 1), (1, 2), (1, 3), (2, 0), (2, 1), (3, 1), (4, 1), (4, 2), (4, 3), (5, 0), (5, 1), (6, 1), (6, 3)], [], []], 'last_action': (-1, -1)}
Evaluation: {'Hand Eval': 1.0, 'Drawpile Eval': 1.0}

INFO:root: State for player 0: {'current_player': 0, 'players': [0, 1], 'num_moves_taken': 1, 'drawpile': array([60, 85, 49, 70, 92, 65, 40, 13, 99, 48, 91, 96, 22, 80, 23, 10, 20,
       32, 38, 73, 97, 52, 46, 44,  6, 90, 72, 35,  5, 39, 98,  3, 68, 25,
       17, 45, 50, 78, 34, 67, 62, 88, 79, 19, 61, 16, 66, 63, 31, 94, 71,
       83, 36, 93, 75, 84, 29, 47, 76, 21, 37, 51, 57, 33, 55, 95, 86, 26,
       58, 11, 28, 15,  4, 53, 42, 77, 18, 24]), 'decks': array([89,  7, 30, 54]), 'hands': [array([ 8,  9, 81, 56, 12, 14]), array([59,  2, 87, 69, 27, 82, 41])], 'hints': [[], [], [], []], 'legal_actions': [[(0, 1), (0, 2), (0, 3), (1, 1), (1, 2), (1, 3), (2, 1), (3, 1), (4, 1), (4, 2), (4, 3), (5, 1), (5, 2), (5, 3)], [(0, 1), (1, 2), (1, 3), (2, 1), (3, 1), (4, 1), (4, 2), (4, 3), (5, 1), (6, 1), (6, 3)], [], []], 'last_action': (3, 0)}
Evaluation: {'Hand Eval': 1.0, 'Drawpile Eval': 1.0}

INFO:root: State for player 0: {'current_player': 0, 'players': [0, 1], 'num_moves_taken': 2, 'drawpile': array([60, 85, 49, 70, 92, 65, 40, 13, 99, 48, 91, 96, 22, 80, 23, 10, 20,
       32, 38, 73, 97, 52, 46, 44,  6, 90, 72, 35,  5, 39, 98,  3, 68, 25,
       17, 45, 50, 78, 34, 67, 62, 88, 79, 19, 61, 16, 66, 63, 31, 94, 71,
       83, 36, 93, 75, 84, 29, 47, 76, 21, 37, 51, 57, 33, 55, 95, 86, 26,
       58, 11, 28, 15,  4, 53, 42, 77, 18, 24]), 'decks': array([89,  7, 30, 12]), 'hands': [array([ 8,  9, 81, 56, 14]), array([59,  2, 87, 69, 27, 82, 41])], 'hints': [[], [], [], []], 'legal_actions': [[(0, 1), (0, 2), (0, 3), (1, 1), (1, 2), (1, 3), (2, 1), (3, 1), (4, 1), (4, 2), (-1, -1)], [(0, 1), (1, 2), (1, 3), (2, 1), (3, 1), (4, 1), (4, 2), (5, 1), (6, 1), (-1, -1)], [], []], 'last_action': (4, 3)}
Evaluation: {'Hand Eval': 1.0, 'Drawpile Eval': 1.0}

INFO:root: State for player 1: {'current_player': 1, 'players': [0, 1], 'num_moves_taken': 0, 'drawpile': array([49, 70, 92, 65, 40, 13, 99, 48, 91, 96, 22, 80, 23, 10, 20, 32, 38,
       73, 97, 52, 46, 44,  6, 90, 72, 35,  5, 39, 98,  3, 68, 25, 17, 45,
       50, 78, 34, 67, 62, 88, 79, 19, 61, 16, 66, 63, 31, 94, 71, 83, 36,
       93, 75, 84, 29, 47, 76, 21, 37, 51, 57, 33, 55, 95, 86, 26, 58, 11,
       28, 15,  4, 53, 42, 77, 18, 24]), 'decks': array([89,  7, 30, 12]), 'hands': [array([ 8,  9, 81, 56, 14, 60, 85]), array([59,  2, 87, 69, 27, 82, 41])], 'hints': [[], [], [], []], 'legal_actions': [[(0, 1), (0, 2), (0, 3), (1, 1), (1, 2), (1, 3), (2, 1), (3, 1), (4, 1), (4, 2), (5, 1), (6, 1)], [(0, 1), (1, 2), (1, 3), (2, 1), (3, 1), (4, 1), (4, 2), (5, 1), (6, 1)], [], []], 'last_action': (-1, -1)}
Evaluation: {'Hand Eval': 1.0, 'Drawpile Eval': 1.0}

INFO:root: State for player 1: {'current_player': 1, 'players': [0, 1], 'num_moves_taken': 1, 'drawpile': array([49, 70, 92, 65, 40, 13, 99, 48, 91, 96, 22, 80, 23, 10, 20, 32, 38,
       73, 97, 52, 46, 44,  6, 90, 72, 35,  5, 39, 98,  3, 68, 25, 17, 45,
       50, 78, 34, 67, 62, 88, 79, 19, 61, 16, 66, 63, 31, 94, 71, 83, 36,
       93, 75, 84, 29, 47, 76, 21, 37, 51, 57, 33, 55, 95, 86, 26, 58, 11,
       28, 15,  4, 53, 42, 77, 18, 24]), 'decks': array([89, 69, 30, 12]), 'hands': [array([ 8,  9, 81, 56, 14, 60, 85]), array([59,  2, 87, 27, 82, 41])], 'hints': [[], [], [], []], 'legal_actions': [[(0, 2), (0, 3), (1, 2), (1, 3), (2, 1), (4, 2), (6, 1)], [(0, 1), (1, 2), (1, 3), (2, 1), (3, 2), (4, 1)], [], []], 'last_action': (3, 1)}
Evaluation: {'Hand Eval': 0.7692307692307693, 'Drawpile Eval': 0.6052631578947368}

INFO:root: State for player 1: {'current_player': 1, 'players': [0, 1], 'num_moves_taken': 2, 'drawpile': array([49, 70, 92, 65, 40, 13, 99, 48, 91, 96, 22, 80, 23, 10, 20, 32, 38,
       73, 97, 52, 46, 44,  6, 90, 72, 35,  5, 39, 98,  3, 68, 25, 17, 45,
       50, 78, 34, 67, 62, 88, 79, 19, 61, 16, 66, 63, 31, 94, 71, 83, 36,
       93, 75, 84, 29, 47, 76, 21, 37, 51, 57, 33, 55, 95, 86, 26, 58, 11,
       28, 15,  4, 53, 42, 77, 18, 24]), 'decks': array([89, 69, 27, 12]), 'hands': [array([ 8,  9, 81, 56, 14, 60, 85]), array([59,  2, 87, 82, 41])], 'hints': [[], [], [], []], 'legal_actions': [[(0, 2), (0, 3), (1, 2), (1, 3), (2, 1), (4, 2), (6, 1), (-1, -1)], [(0, 1), (1, 2), (1, 3), (2, 1), (3, 1), (-1, -1)], [], []], 'last_action': (3, 2)}
Evaluation: {'Hand Eval': 0.75, 'Drawpile Eval': 0.5789473684210527}

INFO:root: State for player 0: {'current_player': 0, 'players': [0, 1], 'num_moves_taken': 0, 'drawpile': array([92, 65, 40, 13, 99, 48, 91, 96, 22, 80, 23, 10, 20, 32, 38, 73, 97,
       52, 46, 44,  6, 90, 72, 35,  5, 39, 98,  3, 68, 25, 17, 45, 50, 78,
       34, 67, 62, 88, 79, 19, 61, 16, 66, 63, 31, 94, 71, 83, 36, 93, 75,
       84, 29, 47, 76, 21, 37, 51, 57, 33, 55, 95, 86, 26, 58, 11, 28, 15,
        4, 53, 42, 77, 18, 24]), 'decks': array([89, 69, 27, 12]), 'hands': [array([ 8,  9, 81, 56, 14, 60, 85]), array([59,  2, 87, 82, 41, 49, 70])], 'hints': [[], [], [], []], 'legal_actions': [[(0, 2), (0, 3), (1, 2), (1, 3), (2, 1), (4, 2), (6, 1)], [(0, 1), (1, 2), (1, 3), (2, 1), (3, 1), (6, 1)], [], []], 'last_action': (-1, -1)}
Evaluation: {'Hand Eval': 0.7142857142857143, 'Drawpile Eval': 0.581081081081081}

INFO:root: State for player 0: {'current_player': 0, 'players': [0, 1], 'num_moves_taken': 1, 'drawpile': array([92, 65, 40, 13, 99, 48, 91, 96, 22, 80, 23, 10, 20, 32, 38, 73, 97,
       52, 46, 44,  6, 90, 72, 35,  5, 39, 98,  3, 68, 25, 17, 45, 50, 78,
       34, 67, 62, 88, 79, 19, 61, 16, 66, 63, 31, 94, 71, 83, 36, 93, 75,
       84, 29, 47, 76, 21, 37, 51, 57, 33, 55, 95, 86, 26, 58, 11, 28, 15,
        4, 53, 42, 77, 18, 24]), 'decks': array([89, 69, 27,  9]), 'hands': [array([ 8, 81, 56, 14, 60, 85]), array([59,  2, 87, 82, 41, 49, 70])], 'hints': [[], [], [], []], 'legal_actions': [[(0, 2), (0, 3), (1, 1), (3, 2), (5, 1)], [(0, 1), (1, 2), (1, 3), (2, 1), (3, 1), (6, 1)], [], []], 'last_action': (1, 3)}
Evaluation: {'Hand Eval': 0.6923076923076923, 'Drawpile Eval': 0.581081081081081}

INFO:root: State for player 0: {'current_player': 0, 'players': [0, 1], 'num_moves_taken': 2, 'drawpile': array([92, 65, 40, 13, 99, 48, 91, 96, 22, 80, 23, 10, 20, 32, 38, 73, 97,
       52, 46, 44,  6, 90, 72, 35,  5, 39, 98,  3, 68, 25, 17, 45, 50, 78,
       34, 67, 62, 88, 79, 19, 61, 16, 66, 63, 31, 94, 71, 83, 36, 93, 75,
       84, 29, 47, 76, 21, 37, 51, 57, 33, 55, 95, 86, 26, 58, 11, 28, 15,
        4, 53, 42, 77, 18, 24]), 'decks': array([89, 69, 14,  9]), 'hands': [array([ 8, 81, 56, 60, 85]), array([59,  2, 87, 82, 41, 49, 70])], 'hints': [[], [], [], []], 'legal_actions': [[(0, 2), (0, 3), (1, 1), (4, 1), (-1, -1)], [(0, 1), (1, 2), (1, 3), (2, 1), (3, 1), (6, 1), (-1, -1)], [], []], 'last_action': (3, 2)}
Evaluation: {'Hand Eval': 0.6666666666666666, 'Drawpile Eval': 0.43243243243243246}

INFO:root: State for player 1: {'current_player': 1, 'players': [0, 1], 'num_moves_taken': 0, 'drawpile': array([40, 13, 99, 48, 91, 96, 22, 80, 23, 10, 20, 32, 38, 73, 97, 52, 46,
       44,  6, 90, 72, 35,  5, 39, 98,  3, 68, 25, 17, 45, 50, 78, 34, 67,
       62, 88, 79, 19, 61, 16, 66, 63, 31, 94, 71, 83, 36, 93, 75, 84, 29,
       47, 76, 21, 37, 51, 57, 33, 55, 95, 86, 26, 58, 11, 28, 15,  4, 53,
       42, 77, 18, 24]), 'decks': array([89, 69, 14,  9]), 'hands': [array([ 8, 81, 56, 60, 85, 92, 65]), array([59,  2, 87, 82, 41, 49, 70])], 'hints': [[], [], [], []], 'legal_actions': [[(0, 2), (0, 3), (1, 1), (4, 1), (5, 0), (5, 1)], [(0, 1), (1, 2), (1, 3), (2, 1), (3, 1), (6, 1)], [], []], 'last_action': (-1, -1)}
Evaluation: {'Hand Eval': 0.6428571428571429, 'Drawpile Eval': 0.4305555555555556}

INFO:root: State for player 1: {'current_player': 1, 'players': [0, 1], 'num_moves_taken': 1, 'drawpile': array([40, 13, 99, 48, 91, 96, 22, 80, 23, 10, 20, 32, 38, 73, 97, 52, 46,
       44,  6, 90, 72, 35,  5, 39, 98,  3, 68, 25, 17, 45, 50, 78, 34, 67,
       62, 88, 79, 19, 61, 16, 66, 63, 31, 94, 71, 83, 36, 93, 75, 84, 29,
       47, 76, 21, 37, 51, 57, 33, 55, 95, 86, 26, 58, 11, 28, 15,  4, 53,
       42, 77, 18, 24]), 'decks': array([89, 69,  2,  9]), 'hands': [array([ 8, 81, 56, 60, 85, 92, 65]), array([59, 87, 82, 41, 49, 70])], 'hints': [[], [], [], []], 'legal_actions': [[(0, 3), (1, 1), (4, 1), (5, 0), (5, 1)], [(0, 1), (1, 1), (2, 1), (5, 1)], [], []], 'last_action': (1, 2)}
Evaluation: {'Hand Eval': 0.6153846153846154, 'Drawpile Eval': 0.375}

INFO:root: State for player 1: {'current_player': 1, 'players': [0, 1], 'num_moves_taken': 2, 'drawpile': array([40, 13, 99, 48, 91, 96, 22, 80, 23, 10, 20, 32, 38, 73, 97, 52, 46,
       44,  6, 90, 72, 35,  5, 39, 98,  3, 68, 25, 17, 45, 50, 78, 34, 67,
       62, 88, 79, 19, 61, 16, 66, 63, 31, 94, 71, 83, 36, 93, 75, 84, 29,
       47, 76, 21, 37, 51, 57, 33, 55, 95, 86, 26, 58, 11, 28, 15,  4, 53,
       42, 77, 18, 24]), 'decks': array([89, 87,  2,  9]), 'hands': [array([ 8, 81, 56, 60, 85, 92, 65]), array([59, 82, 41, 49, 70])], 'hints': [[], [], [], []], 'legal_actions': [[(0, 3), (5, 0), (5, 1), (-1, -1)], [(-1, -1)], [], []], 'last_action': (1, 1)}
Evaluation: {'Hand Eval': 0.16666666666666666, 'Drawpile Eval': 0.2361111111111111}

INFO:root: State for player 0: {'current_player': 0, 'players': [0, 1], 'num_moves_taken': 0, 'drawpile': array([99, 48, 91, 96, 22, 80, 23, 10, 20, 32, 38, 73, 97, 52, 46, 44,  6,
       90, 72, 35,  5, 39, 98,  3, 68, 25, 17, 45, 50, 78, 34, 67, 62, 88,
       79, 19, 61, 16, 66, 63, 31, 94, 71, 83, 36, 93, 75, 84, 29, 47, 76,
       21, 37, 51, 57, 33, 55, 95, 86, 26, 58, 11, 28, 15,  4, 53, 42, 77,
       18, 24]), 'decks': array([89, 87,  2,  9]), 'hands': [array([ 8, 81, 56, 60, 85, 92, 65]), array([59, 82, 41, 49, 70, 40, 13])], 'hints': [[], [], [], []], 'legal_actions': [[(0, 3), (5, 0), (5, 1)], [], [], []], 'last_action': (-1, -1)}
Evaluation: {'Hand Eval': 0.14285714285714285, 'Drawpile Eval': 0.24285714285714285}

INFO:root: State for player 0: {'current_player': 0, 'players': [0, 1], 'num_moves_taken': 1, 'drawpile': array([99, 48, 91, 96, 22, 80, 23, 10, 20, 32, 38, 73, 97, 52, 46, 44,  6,
       90, 72, 35,  5, 39, 98,  3, 68, 25, 17, 45, 50, 78, 34, 67, 62, 88,
       79, 19, 61, 16, 66, 63, 31, 94, 71, 83, 36, 93, 75, 84, 29, 47, 76,
       21, 37, 51, 57, 33, 55, 95, 86, 26, 58, 11, 28, 15,  4, 53, 42, 77,
       18, 24]), 'decks': array([92, 87,  2,  9]), 'hands': [array([ 8, 81, 56, 60, 85, 65]), array([59, 82, 41, 49, 70, 40, 13])], 'hints': [[], [], [], []], 'legal_actions': [[(0, 3)], [(1, 0)], [], []], 'last_action': (5, 0)}
Evaluation: {'Hand Eval': 0.15384615384615385, 'Drawpile Eval': 0.22857142857142856}

INFO:root: State for player 0: {'current_player': 0, 'players': [0, 1], 'num_moves_taken': 2, 'drawpile': array([99, 48, 91, 96, 22, 80, 23, 10, 20, 32, 38, 73, 97, 52, 46, 44,  6,
       90, 72, 35,  5, 39, 98,  3, 68, 25, 17, 45, 50, 78, 34, 67, 62, 88,
       79, 19, 61, 16, 66, 63, 31, 94, 71, 83, 36, 93, 75, 84, 29, 47, 76,
       21, 37, 51, 57, 33, 55, 95, 86, 26, 58, 11, 28, 15,  4, 53, 42, 77,
       18, 24]), 'decks': array([92, 87,  2,  8]), 'hands': [array([81, 56, 60, 85, 65]), array([59, 82, 41, 49, 70, 40, 13])], 'hints': [[], [], [], []], 'legal_actions': [[(-1, -1)], [(1, 0), (-1, -1)], [], []], 'last_action': (0, 3)}
Evaluation: {'Hand Eval': 0.08333333333333333, 'Drawpile Eval': 0.22857142857142856}

INFO:root: State for player 1: {'current_player': 1, 'players': [0, 1], 'num_moves_taken': 0, 'drawpile': array([91, 96, 22, 80, 23, 10, 20, 32, 38, 73, 97, 52, 46, 44,  6, 90, 72,
       35,  5, 39, 98,  3, 68, 25, 17, 45, 50, 78, 34, 67, 62, 88, 79, 19,
       61, 16, 66, 63, 31, 94, 71, 83, 36, 93, 75, 84, 29, 47, 76, 21, 37,
       51, 57, 33, 55, 95, 86, 26, 58, 11, 28, 15,  4, 53, 42, 77, 18, 24]), 'decks': array([92, 87,  2,  8]), 'hands': [array([81, 56, 60, 85, 65, 99, 48]), array([59, 82, 41, 49, 70, 40, 13])], 'hints': [[], [], [], []], 'legal_actions': [[(5, 0), (5, 1)], [(1, 0)], [], []], 'last_action': (-1, -1)}
Evaluation: {'Hand Eval': 0.14285714285714285, 'Drawpile Eval': 0.22058823529411764}

INFO:root: State for player 1: {'current_player': 1, 'players': [0, 1], 'num_moves_taken': 1, 'drawpile': array([91, 96, 22, 80, 23, 10, 20, 32, 38, 73, 97, 52, 46, 44,  6, 90, 72,
       35,  5, 39, 98,  3, 68, 25, 17, 45, 50, 78, 34, 67, 62, 88, 79, 19,
       61, 16, 66, 63, 31, 94, 71, 83, 36, 93, 75, 84, 29, 47, 76, 21, 37,
       51, 57, 33, 55, 95, 86, 26, 58, 11, 28, 15,  4, 53, 42, 77, 18, 24]), 'decks': array([82, 87,  2,  8]), 'hands': [array([81, 56, 60, 85, 65, 99, 48]), array([59, 41, 49, 70, 40, 13])], 'hints': [[], [], [], []], 'legal_actions': [[(3, 0), (5, 0), (5, 1)], [], [], []], 'last_action': (1, 0)}
Evaluation: {'Hand Eval': 0.15384615384615385, 'Drawpile Eval': 0.27941176470588236}

